Arguments: 
  /Users/davisjr/.nvm/versions/node/v12.8.1/bin/node /usr/local/Cellar/yarn/1.13.0/libexec/bin/yarn.js init -i

PATH: 
  /Users/davisjr/.rvm/gems/ruby-2.4.4/bin:/Users/davisjr/.rvm/gems/ruby-2.4.4@global/bin:/Users/davisjr/.rvm/rubies/ruby-2.4.4/bin:/Users/davisjr/.nvm/versions/node/v12.8.1/bin:./bin:./node_modules/.bin:/Users/davisjr/.rbenv/shims:/Users/davisjr/.rbenv/bin:/usr/local/bin:/usr/bin:/bin:/usr/sbin:/sbin:/usr/local/sbin:/Users/davisjr/.rvm/bin

Yarn version: 
  1.13.0

Node version: 
  12.8.1

Platform: 
  darwin x64

Trace: 
  Error: canceled
      at Interface.<anonymous> (/usr/local/Cellar/yarn/1.13.0/libexec/lib/cli.js:125657:13)
      at Interface.emit (events.js:203:13)
      at Interface._ttyWrite (readline.js:880:16)
      at ReadStream.onkeypress (readline.js:191:10)
      at ReadStream.emit (events.js:203:13)
      at emitKeys (internal/readline/utils.js:414:14)
      at emitKeys.next (<anonymous>)
      at ReadStream.onData (readline.js:1146:36)
      at ReadStream.emit (events.js:203:13)
      at addChunk (_stream_readable.js:295:12)

npm manifest: 
  No manifest

yarn manifest: 
  No manifest

Lockfile: 
  No lockfile
